#
# A fatal error has been detected by the Java Runtime Environment:
#
#  Internal Error (javaCalls.cpp:51), pid=1780, tid=0x00000000000019b8
#  guarantee(thread->is_Java_thread()) failed: crucial check - the VM thread cannot and must not escape to Java code
#
# JRE version: Java(TM) SE Runtime Environment (8.0_102-b14) (build 1.8.0_102-b14)
# Java VM: Java HotSpot(TM) 64-Bit Server VM (25.102-b14 mixed mode windows-amd64 compressed oops)
# Failed to write core dump. Minidumps are not enabled by default on client versions of Windows
#
# If you would like to submit a bug report, please visit:
#   http://bugreport.java.com/bugreport/crash.jsp
#

---------------  T H R E A D  ---------------

Current thread (0x0000000017517800):  VMThread [stack: 0x00000000185b0000,0x00000000186b0000] [id=6584]

Stack: [0x00000000185b0000,0x00000000186b0000]
[error occurred during error reporting (printing stack bounds), id 0xc0000005]

Native frames: (J=compiled Java code, j=interpreted, Vv=VM code, C=native code)

VM_Operation (0x000000001905f0b0): GetOrSetLocal, mode: safepoint, requested by thread 0x0000000017566800


---------------  P R O C E S S  ---------------

Java Threads: ( => current thread )
  0x0000000019394800 JavaThread "Service Thread" daemon [_thread_blocked, id=10840, stack(0x0000000019960000,0x0000000019a60000)]
  0x00000000175aa000 JavaThread "C1 CompilerThread2" daemon [_thread_blocked, id=8312, stack(0x0000000019860000,0x0000000019960000)]
  0x00000000175a9000 JavaThread "C2 CompilerThread1" daemon [_thread_blocked, id=11992, stack(0x0000000019760000,0x0000000019860000)]
  0x0000000017577800 JavaThread "C2 CompilerThread0" daemon [_thread_blocked, id=7100, stack(0x0000000019260000,0x0000000019360000)]
  0x000000001756c800 JavaThread "JDWP Command Reader" daemon [_thread_in_native, id=8280, stack(0x0000000019160000,0x0000000019260000)]
  0x0000000017569000 JavaThread "JDWP Event Helper Thread" daemon [_thread_blocked, id=8428, stack(0x0000000019060000,0x0000000019160000)]
  0x0000000017566800 JavaThread "JDWP Transport Listener: dt_socket" daemon [_thread_blocked, id=10660, stack(0x0000000018f60000,0x0000000019060000)]
  0x000000001754c800 JavaThread "Attach Listener" daemon [_thread_blocked, id=12700, stack(0x0000000018ab0000,0x0000000018bb0000)]
  0x000000001754b000 JavaThread "Signal Dispatcher" daemon [_thread_blocked, id=8008, stack(0x00000000189b0000,0x0000000018ab0000)]
  0x0000000017539000 JavaThread "Finalizer" daemon [_thread_blocked, id=13860, stack(0x00000000187b0000,0x00000000188b0000)]
  0x0000000002b91000 JavaThread "Reference Handler" daemon [_thread_blocked, id=5840, stack(0x00000000186b0000,0x00000000187b0000)]
  0x000000000135d800 JavaThread "main" [_thread_blocked, id=6016, stack(0x0000000002990000,0x0000000002a90000)]

Other Threads:
=>0x0000000017517800 VMThread [stack: 0x00000000185b0000,0x00000000186b0000] [id=6584]
  0x00000000193ad000 WatcherThread [stack: 0x0000000019a60000,0x0000000019b60000] [id=10008]

VM state:at safepoint (normal execution)

VM Mutex/Monitor currently owned by a thread:  ([mutex/lock_event])
[0x000000000135c360] Threads_lock - owner thread: 0x0000000017517800

Heap:
 PSYoungGen      total 36864K, used 2578K [0x00000000d6e00000, 0x00000000d9700000, 0x0000000100000000)
  eden space 31744K, 8% used [0x00000000d6e00000,0x00000000d7084a48,0x00000000d8d00000)
  from space 5120K, 0% used [0x00000000d9200000,0x00000000d9200000,0x00000000d9700000)
  to   space 5120K, 0% used [0x00000000d8d00000,0x00000000d8d00000,0x00000000d9200000)
 ParOldGen       total 84992K, used 0K [0x0000000084a00000, 0x0000000089d00000, 0x00000000d6e00000)
  object space 84992K, 0% used [0x0000000084a00000,0x0000000084a00000,0x0000000089d00000)
 Metaspace       used 3309K, capacity 4724K, committed 4864K, reserved 1056768K
  class space    used 354K, capacity 424K, committed 512K, reserved 1048576K

Card table byte_map: [0x0000000011f70000,0x0000000012350000] byte_map_base: 0x0000000011b4b000

Marking Bits: (ParMarkBitMap*) 0x000000005440a6c0
 Begin Bits: [0x00000000129f0000, 0x00000000148c8000)
 End Bits:   [0x00000000148c8000, 0x00000000167a0000)

Polling page: 0x0000000000fc0000

CodeCache: size=245760Kb used=1202Kb max_used=1202Kb free=244557Kb
 bounds [0x0000000002bb0000, 0x0000000002e20000, 0x0000000011bb0000]
 total_blobs=316 nmethods=78 adapters=159
 compilation: enabled

Compilation events (10 events):
Event: 0.290 Thread 0x00000000175aa000   73       3       java.util.regex.Pattern::has (15 bytes)
Event: 0.290 Thread 0x00000000175aa000 nmethod 73 0x0000000002cdb710 code [0x0000000002cdb860, 0x0000000002cdba10]
Event: 0.290 Thread 0x00000000175aa000   75       3       java.util.ArrayList::ensureExplicitCapacity (26 bytes)
Event: 0.290 Thread 0x00000000175aa000 nmethod 75 0x0000000002cdba90 code [0x0000000002cdbc00, 0x0000000002cdbde8]
Event: 0.290 Thread 0x00000000175aa000   76       1       java.lang.Enum::ordinal (5 bytes)
Event: 0.290 Thread 0x00000000175aa000 nmethod 76 0x0000000002cdbed0 code [0x0000000002cdc020, 0x0000000002cdc130]
Event: 0.290 Thread 0x00000000175aa000   77       3       com.opencsv.CSVParser::convertEmptyToNullIfNeeded (19 bytes)
Event: 0.290 Thread 0x00000000175aa000 nmethod 77 0x0000000002cdc190 code [0x0000000002cdc300, 0x0000000002cdc688]
Event: 0.290 Thread 0x00000000175aa000   78       3       java.lang.String::isEmpty (14 bytes)
Event: 0.291 Thread 0x00000000175aa000 nmethod 78 0x0000000002cdc7d0 code [0x0000000002cdc920, 0x0000000002cdcad0]

GC Heap History (0 events):
No events

Deoptimization events (0 events):
No events

Internal exceptions (2 events):
Event: 0.054 Thread 0x000000000135d800 Exception <a 'java/lang/NoSuchMethodError': Method sun.misc.Unsafe.defineClass(Ljava/lang/String;[BII)Ljava/lang/Class; name or signature does not match> (0x00000000d6e07c78) thrown at [C:\re\workspace\8-2-build-windows-amd64-cygwin\jdk8u102\7268\hotspot\s·:õ"F³«?
Event: 0.054 Thread 0x000000000135d800 Exception <a 'java/lang/NoSuchMethodError': Method sun.misc.Unsafe.prefetchRead(Ljava/lang/Object;J)V name or signature does not match> (0x00000000d6e07f60) thrown at [C:\re\workspace\8-2-build-windows-amd64-cygwin\jdk8u102\7268\hotspot\src\share\vm\prims\

Events (10 events):
Event: 302.860 Executing VM operation: ChangeBreakpoints done
Event: 302.863 Executing VM operation: EnterInterpOnlyMode
Event: 302.863 Executing VM operation: EnterInterpOnlyMode done
Event: 302.863 Executing VM operation: GetCurrentLocation
Event: 302.863 Executing VM operation: GetCurrentLocation done
Event: 302.863 Executing VM operation: ChangeSingleStep
Event: 302.863 Executing VM operation: ChangeSingleStep done
Event: 302.864 Executing VM operation: ChangeSingleStep
Event: 302.864 Executing VM operation: ChangeSingleStep done
Event: 303.032 Executing VM operation: GetOrSetLocal


Dynamic libraries:
0x00007ff619740000 - 0x00007ff619777000 	C:\Program Files\eclipse\jre\bin\javaw.exe
0x00007ffa71d50000 - 0x00007ffa71f2b000 	C:\WINDOWS\SYSTEM32\ntdll.dll
0x00007ffa4e320000 - 0x00007ffa4e353000 	C:\Program Files\AVAST Software\Avast\x64\aswhooka.dll
0x00007ffa6fc10000 - 0x00007ffa6fcbe000 	C:\WINDOWS\System32\KERNEL32.DLL
0x00007ffa6e650000 - 0x00007ffa6e899000 	C:\WINDOWS\System32\KERNELBASE.dll
0x00007ffa6fcf0000 - 0x00007ffa6fd91000 	C:\WINDOWS\System32\ADVAPI32.dll
0x00007ffa6f510000 - 0x00007ffa6f5ad000 	C:\WINDOWS\System32\msvcrt.dll
0x00007ffa70060000 - 0x00007ffa700b9000 	C:\WINDOWS\System32\sechost.dll
0x00007ffa6fda0000 - 0x00007ffa6fec5000 	C:\WINDOWS\System32\RPCRT4.dll
0x00007ffa70380000 - 0x00007ffa704ca000 	C:\WINDOWS\System32\USER32.dll
0x00007ffa6efa0000 - 0x00007ffa6efbe000 	C:\WINDOWS\System32\win32u.dll
0x00007ffa6fcc0000 - 0x00007ffa6fce7000 	C:\WINDOWS\System32\GDI32.dll
0x00007ffa6e2d0000 - 0x00007ffa6e458000 	C:\WINDOWS\System32\gdi32full.dll
0x00007ffa6e4b0000 - 0x00007ffa6e54a000 	C:\WINDOWS\System32\msvcp_win.dll
0x00007ffa6e550000 - 0x00007ffa6e646000 	C:\WINDOWS\System32\ucrtbase.dll
0x00007ffa5e330000 - 0x00007ffa5e597000 	C:\WINDOWS\WinSxS\amd64_microsoft.windows.common-controls_6595b64144ccf1df_6.0.15063.0_none_108e4f62dfe5d999\COMCTL32.dll
0x00007ffa71930000 - 0x00007ffa71c29000 	C:\WINDOWS\System32\combase.dll
0x00007ffa6efc0000 - 0x00007ffa6f02a000 	C:\WINDOWS\System32\bcryptPrimitives.dll
0x00007ffa6f460000 - 0x00007ffa6f48d000 	C:\WINDOWS\System32\IMM32.DLL
0x0000000055140000 - 0x0000000055211000 	C:\Program Files\eclipse\jre\bin\msvcr100.dll
0x0000000053bf0000 - 0x000000005448a000 	C:\Program Files\eclipse\jre\bin\server\jvm.dll
0x00007ffa6f7c0000 - 0x00007ffa6f7c8000 	C:\WINDOWS\System32\PSAPI.DLL
0x00007ffa5d280000 - 0x00007ffa5d289000 	C:\WINDOWS\SYSTEM32\WSOCK32.dll
0x00007ffa6ff90000 - 0x00007ffa6fffc000 	C:\WINDOWS\System32\WS2_32.dll
0x00007ffa66c50000 - 0x00007ffa66c73000 	C:\WINDOWS\SYSTEM32\WINMM.dll
0x00007ffa5f250000 - 0x00007ffa5f25a000 	C:\WINDOWS\SYSTEM32\VERSION.dll
0x00007ffa66ad0000 - 0x00007ffa66afb000 	C:\WINDOWS\SYSTEM32\WINMMBASE.dll
0x00007ffa6e460000 - 0x00007ffa6e4a9000 	C:\WINDOWS\System32\cfgmgr32.dll
0x0000000054b90000 - 0x0000000054b9f000 	C:\Program Files\eclipse\jre\bin\verify.dll
0x0000000053bc0000 - 0x0000000053be9000 	C:\Program Files\eclipse\jre\bin\java.dll
0x0000000055250000 - 0x0000000055285000 	C:\Program Files\eclipse\jre\bin\jdwp.dll
0x0000000055240000 - 0x0000000055248000 	C:\Program Files\eclipse\jre\bin\npt.dll
0x0000000053ba0000 - 0x0000000053bb6000 	C:\Program Files\eclipse\jre\bin\zip.dll
0x00007ffa704f0000 - 0x00007ffa71927000 	C:\WINDOWS\System32\SHELL32.dll
0x00007ffa6fed0000 - 0x00007ffa6ff7a000 	C:\WINDOWS\System32\shcore.dll
0x00007ffa6e8a0000 - 0x00007ffa6ef92000 	C:\WINDOWS\System32\windows.storage.dll
0x00007ffa71cf0000 - 0x00007ffa71d41000 	C:\WINDOWS\System32\shlwapi.dll
0x00007ffa6e250000 - 0x00007ffa6e261000 	C:\WINDOWS\System32\kernel.appcore.dll
0x00007ffa6e1e0000 - 0x00007ffa6e22c000 	C:\WINDOWS\System32\powrprof.dll
0x00007ffa6e1c0000 - 0x00007ffa6e1d5000 	C:\WINDOWS\System32\profapi.dll
0x0000000055230000 - 0x0000000055239000 	C:\Program Files\eclipse\jre\bin\dt_socket.dll
0x00007ffa4c560000 - 0x00007ffa4c576000 	C:\WINDOWS\system32\napinsp.dll
0x00007ffa4c580000 - 0x00007ffa4c59a000 	C:\WINDOWS\system32\pnrpnsp.dll
0x00007ffa68b00000 - 0x00007ffa68b18000 	C:\WINDOWS\system32\NLAapi.dll
0x00007ffa6dad0000 - 0x00007ffa6db2c000 	C:\WINDOWS\System32\mswsock.dll
0x00007ffa6d8c0000 - 0x00007ffa6d964000 	C:\WINDOWS\SYSTEM32\DNSAPI.dll
0x00007ffa6ff80000 - 0x00007ffa6ff88000 	C:\WINDOWS\System32\NSI.dll
0x00007ffa6d870000 - 0x00007ffa6d8a7000 	C:\WINDOWS\SYSTEM32\IPHLPAPI.DLL
0x00007ffa4e280000 - 0x00007ffa4e28e000 	C:\WINDOWS\System32\winrnr.dll
0x0000000054ca0000 - 0x0000000054cc6000 	C:\Program Files\Bonjour\mdnsNSP.dll
0x00007ffa4c5a0000 - 0x00007ffa4c5b5000 	C:\WINDOWS\System32\wshbth.dll
0x00007ffa66f10000 - 0x00007ffa66f7b000 	C:\WINDOWS\System32\fwpuclnt.dll
0x00007ffa6dd80000 - 0x00007ffa6dda5000 	C:\WINDOWS\SYSTEM32\bcrypt.dll
0x00007ffa66070000 - 0x00007ffa6607a000 	C:\Windows\System32\rasadhlp.dll

VM Arguments:
jvm_args: -agentlib:jdwp=transport=dt_socket,suspend=y,address=localhost:51267 -Dfile.encoding=Cp1252 
java_command: com.onevolleyball.GenerateLeagueAwards
java_class_path (initial): C:\Users\xtofv\workspace\OneVolleyball\bin;C:\Users\xtofv\workspace\OneVolleyball\opencsv-3.9.jar;C:\Users\xtofv\workspace\OneVolleyball\commons-io-2.5.jar
Launcher Type: SUN_STANDARD

Environment Variables:
PATH=C:\Program Files\eclipse\jre\bin;C:/Program Files/eclipse/jre/bin/server;C:/Program Files/eclipse/jre/bin;C:/Program Files/eclipse/jre/lib/amd64;C:\Program Files (x86)\NVIDIA Corporation\PhysX\Common;C:\WINDOWS\system32;C:\WINDOWS;C:\WINDOWS\System32\Wbem;C:\WINDOWS\System32\WindowsPowerShell\v1.0\;C:\Program Files\Intel\WiFi\bin\;C:\Program Files\Common Files\Intel\WirelessCommon\;C:\Ruby23-x64\bin;C:\Users\xtofv\AppData\Local\Microsoft\WindowsApps;C:\Program Files\Intel\WiFi\bin\;C:\Program Files\Common Files\Intel\WirelessCommon\;;C:\Program Files\eclipse;
USERNAME=xtofv
OS=Windows_NT
PROCESSOR_IDENTIFIER=Intel64 Family 6 Model 58 Stepping 9, GenuineIntel



---------------  S Y S T E M  ---------------

OS: Windows 10.0 , 64 bit Build 15063 (10.0.15063.296)

CPU:total 4 (2 cores per cpu, 2 threads per core) family 6 model 58 stepping 9, cmov, cx8, fxsr, mmx, sse, sse2, sse3, ssse3, sse4.1, sse4.2, popcnt, avx, aes, clmul, erms, ht, tsc, tscinvbit, tscinv

Memory: 4k page, physical 8078120k(2273300k free), swap 18563880k(10998700k free)

vm_info: Java HotSpot(TM) 64-Bit Server VM (25.102-b14) for windows-amd64 JRE (1.8.0_102-b14), built on Jun 22 2016 13:15:21 by "java_re" with MS VC++ 10.0 (VS2010)

time: Wed Jun 14 17:57:58 2017
elapsed time: 303 seconds (0d 0h 5m 3s)

